2025-03-03 13:01:37,394 - INFO - Found credentials in environment variables.
2025-03-03 13:01:38,514 - INFO - Skipping checksum validation. Response did not contain one of the following algorithms: ['crc32', 'sha1', 'sha256'].
2025-03-03 13:01:38,516 - INFO - Skipping checksum validation. Response did not contain one of the following algorithms: ['crc32', 'sha1', 'sha256'].
2025-03-03 13:01:38,537 - INFO - Skipping checksum validation. Response did not contain one of the following algorithms: ['crc32', 'sha1', 'sha256'].
2025-03-03 13:01:38,538 - INFO - Skipping checksum validation. Response did not contain one of the following algorithms: ['crc32', 'sha1', 'sha256'].
2025-03-03 13:01:38,546 - INFO - Skipping checksum validation. Response did not contain one of the following algorithms: ['crc32', 'sha1', 'sha256'].
2025-03-03 13:01:38,556 - INFO - Skipping checksum validation. Response did not contain one of the following algorithms: ['crc32', 'sha1', 'sha256'].
2025-03-03 13:01:38,562 - INFO - Skipping checksum validation. Response did not contain one of the following algorithms: ['crc32', 'sha1', 'sha256'].
2025-03-03 13:01:38,565 - INFO - Skipping checksum validation. Response did not contain one of the following algorithms: ['crc32', 'sha1', 'sha256'].
2025-03-03 13:01:38,573 - INFO - Skipping checksum validation. Response did not contain one of the following algorithms: ['crc32', 'sha1', 'sha256'].
2025-03-03 13:01:42,778 - INFO - Loaded model from mlflow
2025-03-03 13:01:42,779 - INFO - Loaded districts data from static dir
2025-03-03 13:01:42,779 - INFO - Loaded amenities data from static dir
2025-03-03 13:38:31,610 - INFO - Found credentials in environment variables.
2025-03-03 13:38:35,808 - INFO - Loaded model from mlflow
2025-03-03 13:38:35,809 - INFO - Loaded districts data from static dir
2025-03-03 13:38:35,809 - INFO - Loaded amenities data from static dir
2025-03-03 13:41:58,332 - INFO - Found credentials in environment variables.
2025-03-03 13:41:59,500 - INFO - Loaded model from mlflow
2025-03-03 13:41:59,501 - INFO - Loaded districts data from static dir
2025-03-03 13:41:59,503 - INFO - Loaded amenities data from static dir
2025-03-03 13:43:08,174 - INFO - Found credentials in environment variables.
2025-03-03 13:43:09,337 - INFO - Loaded model from mlflow
2025-03-03 13:43:09,338 - INFO - Loaded districts data from static dir
2025-03-03 13:43:09,338 - INFO - Loaded amenities data from static dir
2025-03-03 13:48:56,504 - INFO - Found credentials in environment variables.
2025-03-03 13:48:57,825 - INFO - Loaded model from mlflow
2025-03-03 13:48:57,825 - INFO - Loaded districts data from static dir
2025-03-03 13:48:57,826 - INFO - Loaded amenities data from static dir
2025-03-03 13:56:04,198 - INFO - Found credentials in environment variables.
2025-03-03 13:56:06,043 - INFO - Loaded model from mlflow
2025-03-03 13:56:06,044 - INFO - Loaded amenities data from static dir
2025-03-03 14:02:31,387 - INFO - Found credentials in environment variables.
2025-03-03 14:02:32,694 - INFO - Loaded model from mlflow
2025-03-03 14:02:32,694 - INFO - Loaded amenities data from static dir
2025-03-09 12:47:27,890 - WARNING - Retrying (Retry(total=6, connect=6, read=7, redirect=7, status=7)) after connection broken by 'NewConnectionError('<urllib3.connection.HTTPConnection object at 0x00000146C4E550D0>: Failed to establish a new connection: [WinError 10061] Подключение не установлено, т.к. конечный компьютер отверг запрос на подключение')': /api/2.0/mlflow/model-versions/get-download-uri?name=catboost-reg-model&version=2
2025-03-09 12:47:36,677 - WARNING - Retrying (Retry(total=5, connect=5, read=7, redirect=7, status=7)) after connection broken by 'NewConnectionError('<urllib3.connection.HTTPConnection object at 0x00000146C4F10490>: Failed to establish a new connection: [WinError 10061] Подключение не установлено, т.к. конечный компьютер отверг запрос на подключение')': /api/2.0/mlflow/model-versions/get-download-uri?name=catboost-reg-model&version=2
2025-03-09 12:47:48,851 - WARNING - Retrying (Retry(total=4, connect=4, read=7, redirect=7, status=7)) after connection broken by 'NewConnectionError('<urllib3.connection.HTTPConnection object at 0x00000146C4F11850>: Failed to establish a new connection: [WinError 10061] Подключение не установлено, т.к. конечный компьютер отверг запрос на подключение')': /api/2.0/mlflow/model-versions/get-download-uri?name=catboost-reg-model&version=2
2025-03-09 12:48:09,077 - WARNING - Retrying (Retry(total=3, connect=3, read=7, redirect=7, status=7)) after connection broken by 'NewConnectionError('<urllib3.connection.HTTPConnection object at 0x00000146C4F12D50>: Failed to establish a new connection: [WinError 10061] Подключение не установлено, т.к. конечный компьютер отверг запрос на подключение')': /api/2.0/mlflow/model-versions/get-download-uri?name=catboost-reg-model&version=2
2025-03-09 12:48:46,054 - WARNING - Retrying (Retry(total=2, connect=2, read=7, redirect=7, status=7)) after connection broken by 'NewConnectionError('<urllib3.connection.HTTPConnection object at 0x00000146C4F11250>: Failed to establish a new connection: [WinError 10061] Подключение не установлено, т.к. конечный компьютер отверг запрос на подключение')': /api/2.0/mlflow/model-versions/get-download-uri?name=catboost-reg-model&version=2
2025-03-09 12:49:54,437 - WARNING - Retrying (Retry(total=1, connect=1, read=7, redirect=7, status=7)) after connection broken by 'NewConnectionError('<urllib3.connection.HTTPConnection object at 0x00000146C4EFA110>: Failed to establish a new connection: [WinError 10061] Подключение не установлено, т.к. конечный компьютер отверг запрос на подключение')': /api/2.0/mlflow/model-versions/get-download-uri?name=catboost-reg-model&version=2
